********************************************************************************
DUPLICATOR-LITE PACKAGE-LOG: 6 July, 2019 4:39 am
NOTICE: Do NOT post to public sites or forums 
********************************************************************************
VERSION:	1.3.14
WORDPRESS:	5.2.1
PHP INFO:	7.1.28 | SAPI: apache2handler
SERVER:		Apache/2.4.39 (Win64) OpenSSL/1.0.2r PHP/7.1.28 
PHP TIME LIMIT: (0) no time limit imposed 
PHP MAX MEMORY: 4294967296 (128M default) 
MEMORY STACK: 10MB 

********************************************************************************
DATABASE:
********************************************************************************
BUILD MODE:   MYSQLDUMP
MYSQLTIMEOUT: 5000
MYSQLDUMP:    Is Supported 
SQL CREATED: 20190706_indanang_43e6515f808d58082765_20190706043926_database.sql 
SQL FILE SIZE: 2.53MB (2649662) 
SQL FILE TIME: 2019-07-06 04:39:35 
SQL RUNTIME: 0.42 sec. 

******************************************************************************** 
ARCHIVE (ZIP): 
******************************************************************************** 
ARCHIVE DIR:  C:/xampp/htdocs/indn-mutilang 
ARCHIVE FILE: 20190706_indanang_43e6515f808d58082765_20190706043926_archive.zip 
FILTERS: *OFF* 
DIRS:
	not set 
FILES:
	not set 
EXTS:  not set 
---------------------------------------- 
COMPRESSING 
SIZE:	126.13MB 
STATS:	Dirs 959 | Files 6,787 
SQL ADDED: 20190706_indanang_43e6515f808d58082765_20190706043926_database.sql 
ZipArchive Object
(
    [status] => 0
    [statusSys] => 0
    [numFiles] => 7746
    [filename] => C:\xampp\htdocs\indn-mutilang\wp-snapshots\tmp\20190706_indanang_43e6515f808d58082765_20190706043926_archive.zip
    [comment] => 
)
 
FILE ADDED TO ZIP: 7745 
COMPRESSION RESULT: '1' 
COMPRESSED SIZE: 61.57MB 
ARCHIVE RUNTIME: 12.77 sec. 
MEMORY STACK: 130MB 
building installer 
add_extra_files1 
add_extra_files2 
add_extra_files3 
add_extra_files4 
Doing archive file check 
add_extra_files5 
add_extra_files6 
add_extra_files8 
Successfully opened zip C:/xampp/htdocs/indn-mutilang/wp-snapshots/tmp/20190706_indanang_43e6515f808d58082765_20190706043926_archive.zip 
Adding enhanced installer files to archive using ZipArchive 
Installer files added to archive 
Added to archive 
After ziparchive close when adding installer 

******************************************************************************** 
INTEGRITY CHECKS: 
******************************************************************************** 
SQL FILE: 2.53MB 
INSTALLER FILE: 47.4KB 
ARCHIVE FILE: 62.89MB  
EXPECTED FILE/DIRECTORY COUNT: 7,746 
ACTUAL FILE/DIRECTORY COUNT: 7,745 
ARCHIVE CONSISTENCY TEST: Pass 

********************************************************************************
RECORD ID:[1]
TOTAL PROCESS RUNTIME: 13.90 sec.
PEAK PHP MEMORY USED: 130MB
DONE PROCESSING => 20190706_indanang 6 July, 2019 4:39 am
 
